28-Jul-2022 09:07:55.448 정보 [main] org.apache.catalina.startup.VersionLoggerListener.log 서버 버전 이름:    Apache Tomcat/9.0.65
28-Jul-2022 09:07:55.465 정보 [main] org.apache.catalina.startup.VersionLoggerListener.log Server 빌드 시각:  Jul 14 2022 12:28:53 UTC
28-Jul-2022 09:07:55.465 정보 [main] org.apache.catalina.startup.VersionLoggerListener.log Server 버전 번호:  9.0.65.0
28-Jul-2022 09:07:55.465 정보 [main] org.apache.catalina.startup.VersionLoggerListener.log 운영체제 이름:     Windows 10
28-Jul-2022 09:07:55.465 정보 [main] org.apache.catalina.startup.VersionLoggerListener.log 운영체제 버전:     10.0
28-Jul-2022 09:07:55.465 정보 [main] org.apache.catalina.startup.VersionLoggerListener.log 아키텍처:          amd64
28-Jul-2022 09:07:55.465 정보 [main] org.apache.catalina.startup.VersionLoggerListener.log 자바 홈:           C:\Program Files\Java\jre1.8.0_261
28-Jul-2022 09:07:55.465 정보 [main] org.apache.catalina.startup.VersionLoggerListener.log JVM 버전:          1.8.0_261-b12
28-Jul-2022 09:07:55.465 정보 [main] org.apache.catalina.startup.VersionLoggerListener.log JVM 벤더:          Oracle Corporation
28-Jul-2022 09:07:55.465 정보 [main] org.apache.catalina.startup.VersionLoggerListener.log CATALINA_BASE:     C:\practice\apache-tomcat-9.0.65
28-Jul-2022 09:07:55.465 정보 [main] org.apache.catalina.startup.VersionLoggerListener.log CATALINA_HOME:     C:\practice\apache-tomcat-9.0.65
28-Jul-2022 09:07:55.465 정보 [main] org.apache.catalina.startup.VersionLoggerListener.log 명령 행 아규먼트:  -Djava.util.logging.config.file=C:\practice\apache-tomcat-9.0.65\conf\logging.properties
28-Jul-2022 09:07:55.465 정보 [main] org.apache.catalina.startup.VersionLoggerListener.log 명령 행 아규먼트:  -Djava.util.logging.manager=org.apache.juli.ClassLoaderLogManager
28-Jul-2022 09:07:55.465 정보 [main] org.apache.catalina.startup.VersionLoggerListener.log 명령 행 아규먼트:  -Djdk.tls.ephemeralDHKeySize=2048
28-Jul-2022 09:07:55.465 정보 [main] org.apache.catalina.startup.VersionLoggerListener.log 명령 행 아규먼트:  -Djava.protocol.handler.pkgs=org.apache.catalina.webresources
28-Jul-2022 09:07:55.465 정보 [main] org.apache.catalina.startup.VersionLoggerListener.log 명령 행 아규먼트:  -Dignore.endorsed.dirs=
28-Jul-2022 09:07:55.465 정보 [main] org.apache.catalina.startup.VersionLoggerListener.log 명령 행 아규먼트:  -Dcatalina.base=C:\practice\apache-tomcat-9.0.65
28-Jul-2022 09:07:55.465 정보 [main] org.apache.catalina.startup.VersionLoggerListener.log 명령 행 아규먼트:  -Dcatalina.home=C:\practice\apache-tomcat-9.0.65
28-Jul-2022 09:07:55.465 정보 [main] org.apache.catalina.startup.VersionLoggerListener.log 명령 행 아규먼트:  -Djava.io.tmpdir=C:\practice\apache-tomcat-9.0.65\temp
28-Jul-2022 09:07:55.500 정보 [main] org.apache.catalina.core.AprLifecycleListener.lifecycleEvent APR 버전 [1.7.0]을(를) 사용한, APR 기반 Apache Tomcat Native 라이브러리 [1.2.35]을(를) 로드했습니다.
28-Jul-2022 09:07:55.516 정보 [main] org.apache.catalina.core.AprLifecycleListener.lifecycleEvent APR 용량정보들: IPv6 [true], sendfile [true], accept filters [false], random [true], UDS [true].
28-Jul-2022 09:07:55.516 정보 [main] org.apache.catalina.core.AprLifecycleListener.lifecycleEvent APR/OpenSSL 설정: useAprConnector [false], useOpenSSL [true]
28-Jul-2022 09:07:55.526 정보 [main] org.apache.catalina.core.AprLifecycleListener.initializeSSL OpenSSL이 성공적으로 초기화되었습니다: [OpenSSL 1.1.1q  5 Jul 2022]
28-Jul-2022 09:07:55.941 정보 [main] org.apache.coyote.AbstractProtocol.init 프로토콜 핸들러 ["http-nio-8080"]을(를) 초기화합니다.
28-Jul-2022 09:07:55.989 정보 [main] org.apache.catalina.startup.Catalina.load [756] 밀리초 내에 서버가 초기화되었습니다.
28-Jul-2022 09:07:56.046 정보 [main] org.apache.catalina.core.StandardService.startInternal 서비스 [Catalina]을(를) 시작합니다.
28-Jul-2022 09:07:56.054 정보 [main] org.apache.catalina.core.StandardEngine.startInternal 서버 엔진을 시작합니다: [Apache Tomcat/9.0.65]
28-Jul-2022 09:07:56.074 정보 [main] org.apache.catalina.startup.HostConfig.deployDirectory 웹 애플리케이션 디렉토리 [C:\practice\apache-tomcat-9.0.65\webapps\docs]을(를) 배치합니다.
28-Jul-2022 09:07:56.492 경고 [main] org.apache.catalina.util.SessionIdGeneratorBase.createSecureRandom [SHA1PRNG] 알고리즘을 사용하여, 세션 ID를 생성하기 위한 SecureRandom 객체를 생성하는데, [107] 밀리초가 소요됐습니다.
28-Jul-2022 09:07:56.538 정보 [main] org.apache.catalina.startup.HostConfig.deployDirectory 웹 애플리케이션 디렉토리 [C:\practice\apache-tomcat-9.0.65\webapps\docs]에 대한 배치가 [465] 밀리초에 완료되었습니다.
28-Jul-2022 09:07:56.538 정보 [main] org.apache.catalina.startup.HostConfig.deployDirectory 웹 애플리케이션 디렉토리 [C:\practice\apache-tomcat-9.0.65\webapps\examples]을(를) 배치합니다.
28-Jul-2022 09:07:56.953 정보 [main] org.apache.catalina.startup.HostConfig.deployDirectory 웹 애플리케이션 디렉토리 [C:\practice\apache-tomcat-9.0.65\webapps\examples]에 대한 배치가 [415] 밀리초에 완료되었습니다.
28-Jul-2022 09:07:56.971 정보 [main] org.apache.catalina.startup.HostConfig.deployDirectory 웹 애플리케이션 디렉토리 [C:\practice\apache-tomcat-9.0.65\webapps\host-manager]을(를) 배치합니다.
28-Jul-2022 09:07:57.010 정보 [main] org.apache.catalina.startup.HostConfig.deployDirectory 웹 애플리케이션 디렉토리 [C:\practice\apache-tomcat-9.0.65\webapps\host-manager]에 대한 배치가 [39] 밀리초에 완료되었습니다.
28-Jul-2022 09:07:57.025 정보 [main] org.apache.catalina.startup.HostConfig.deployDirectory 웹 애플리케이션 디렉토리 [C:\practice\apache-tomcat-9.0.65\webapps\manager]을(를) 배치합니다.
28-Jul-2022 09:07:57.051 정보 [main] org.apache.catalina.startup.HostConfig.deployDirectory 웹 애플리케이션 디렉토리 [C:\practice\apache-tomcat-9.0.65\webapps\manager]에 대한 배치가 [26] 밀리초에 완료되었습니다.
28-Jul-2022 09:07:57.051 정보 [main] org.apache.catalina.startup.HostConfig.deployDirectory 웹 애플리케이션 디렉토리 [C:\practice\apache-tomcat-9.0.65\webapps\ROOT]을(를) 배치합니다.
28-Jul-2022 09:07:57.092 정보 [main] org.apache.catalina.startup.HostConfig.deployDirectory 웹 애플리케이션 디렉토리 [C:\practice\apache-tomcat-9.0.65\webapps\ROOT]에 대한 배치가 [41] 밀리초에 완료되었습니다.
28-Jul-2022 09:07:57.096 정보 [main] org.apache.coyote.AbstractProtocol.start 프로토콜 핸들러 ["http-nio-8080"]을(를) 시작합니다.
28-Jul-2022 09:07:57.121 정보 [main] org.apache.catalina.startup.Catalina.start 서버가 [1120] 밀리초 내에 시작되었습니다.
28-Jul-2022 09:08:10.624 정보 [main] org.apache.catalina.startup.VersionLoggerListener.log 서버 버전 이름:    Apache Tomcat/9.0.65
28-Jul-2022 09:08:10.651 정보 [main] org.apache.catalina.startup.VersionLoggerListener.log Server 빌드 시각:  Jul 14 2022 12:28:53 UTC
28-Jul-2022 09:08:10.651 정보 [main] org.apache.catalina.startup.VersionLoggerListener.log Server 버전 번호:  9.0.65.0
28-Jul-2022 09:08:10.651 정보 [main] org.apache.catalina.startup.VersionLoggerListener.log 운영체제 이름:     Windows 10
28-Jul-2022 09:08:10.651 정보 [main] org.apache.catalina.startup.VersionLoggerListener.log 운영체제 버전:     10.0
28-Jul-2022 09:08:10.651 정보 [main] org.apache.catalina.startup.VersionLoggerListener.log 아키텍처:          amd64
28-Jul-2022 09:08:10.651 정보 [main] org.apache.catalina.startup.VersionLoggerListener.log 자바 홈:           C:\Program Files\Java\jre1.8.0_261
28-Jul-2022 09:08:10.651 정보 [main] org.apache.catalina.startup.VersionLoggerListener.log JVM 버전:          1.8.0_261-b12
28-Jul-2022 09:08:10.651 정보 [main] org.apache.catalina.startup.VersionLoggerListener.log JVM 벤더:          Oracle Corporation
28-Jul-2022 09:08:10.651 정보 [main] org.apache.catalina.startup.VersionLoggerListener.log CATALINA_BASE:     C:\practice\apache-tomcat-9.0.65
28-Jul-2022 09:08:10.651 정보 [main] org.apache.catalina.startup.VersionLoggerListener.log CATALINA_HOME:     C:\practice\apache-tomcat-9.0.65
28-Jul-2022 09:08:10.651 정보 [main] org.apache.catalina.startup.VersionLoggerListener.log 명령 행 아규먼트:  -Djava.util.logging.config.file=C:\practice\apache-tomcat-9.0.65\conf\logging.properties
28-Jul-2022 09:08:10.651 정보 [main] org.apache.catalina.startup.VersionLoggerListener.log 명령 행 아규먼트:  -Djava.util.logging.manager=org.apache.juli.ClassLoaderLogManager
28-Jul-2022 09:08:10.651 정보 [main] org.apache.catalina.startup.VersionLoggerListener.log 명령 행 아규먼트:  -Djdk.tls.ephemeralDHKeySize=2048
28-Jul-2022 09:08:10.651 정보 [main] org.apache.catalina.startup.VersionLoggerListener.log 명령 행 아규먼트:  -Djava.protocol.handler.pkgs=org.apache.catalina.webresources
28-Jul-2022 09:08:10.651 정보 [main] org.apache.catalina.startup.VersionLoggerListener.log 명령 행 아규먼트:  -Dignore.endorsed.dirs=
28-Jul-2022 09:08:10.651 정보 [main] org.apache.catalina.startup.VersionLoggerListener.log 명령 행 아규먼트:  -Dcatalina.base=C:\practice\apache-tomcat-9.0.65
28-Jul-2022 09:08:10.651 정보 [main] org.apache.catalina.startup.VersionLoggerListener.log 명령 행 아규먼트:  -Dcatalina.home=C:\practice\apache-tomcat-9.0.65
28-Jul-2022 09:08:10.651 정보 [main] org.apache.catalina.startup.VersionLoggerListener.log 명령 행 아규먼트:  -Djava.io.tmpdir=C:\practice\apache-tomcat-9.0.65\temp
28-Jul-2022 09:08:10.667 정보 [main] org.apache.catalina.core.AprLifecycleListener.lifecycleEvent APR 버전 [1.7.0]을(를) 사용한, APR 기반 Apache Tomcat Native 라이브러리 [1.2.35]을(를) 로드했습니다.
28-Jul-2022 09:08:10.667 정보 [main] org.apache.catalina.core.AprLifecycleListener.lifecycleEvent APR 용량정보들: IPv6 [true], sendfile [true], accept filters [false], random [true], UDS [true].
28-Jul-2022 09:08:10.667 정보 [main] org.apache.catalina.core.AprLifecycleListener.lifecycleEvent APR/OpenSSL 설정: useAprConnector [false], useOpenSSL [true]
28-Jul-2022 09:08:10.680 정보 [main] org.apache.catalina.core.AprLifecycleListener.initializeSSL OpenSSL이 성공적으로 초기화되었습니다: [OpenSSL 1.1.1q  5 Jul 2022]
28-Jul-2022 09:08:11.049 정보 [main] org.apache.coyote.AbstractProtocol.init 프로토콜 핸들러 ["http-nio-8080"]을(를) 초기화합니다.
28-Jul-2022 09:08:11.081 정보 [main] org.apache.catalina.startup.Catalina.load [630] 밀리초 내에 서버가 초기화되었습니다.
28-Jul-2022 09:08:11.120 정보 [main] org.apache.catalina.core.StandardService.startInternal 서비스 [Catalina]을(를) 시작합니다.
28-Jul-2022 09:08:11.120 정보 [main] org.apache.catalina.core.StandardEngine.startInternal 서버 엔진을 시작합니다: [Apache Tomcat/9.0.65]
28-Jul-2022 09:08:11.136 정보 [main] org.apache.catalina.startup.HostConfig.deployDirectory 웹 애플리케이션 디렉토리 [C:\practice\apache-tomcat-9.0.65\webapps\docs]을(를) 배치합니다.
28-Jul-2022 09:08:11.499 경고 [main] org.apache.catalina.util.SessionIdGeneratorBase.createSecureRandom [SHA1PRNG] 알고리즘을 사용하여, 세션 ID를 생성하기 위한 SecureRandom 객체를 생성하는데, [111] 밀리초가 소요됐습니다.
28-Jul-2022 09:08:11.515 정보 [main] org.apache.catalina.startup.HostConfig.deployDirectory 웹 애플리케이션 디렉토리 [C:\practice\apache-tomcat-9.0.65\webapps\docs]에 대한 배치가 [379] 밀리초에 완료되었습니다.
28-Jul-2022 09:08:11.531 정보 [main] org.apache.catalina.startup.HostConfig.deployDirectory 웹 애플리케이션 디렉토리 [C:\practice\apache-tomcat-9.0.65\webapps\examples]을(를) 배치합니다.
28-Jul-2022 09:08:11.842 정보 [main] org.apache.catalina.startup.HostConfig.deployDirectory 웹 애플리케이션 디렉토리 [C:\practice\apache-tomcat-9.0.65\webapps\examples]에 대한 배치가 [311] 밀리초에 완료되었습니다.
28-Jul-2022 09:08:11.858 정보 [main] org.apache.catalina.startup.HostConfig.deployDirectory 웹 애플리케이션 디렉토리 [C:\practice\apache-tomcat-9.0.65\webapps\host-manager]을(를) 배치합니다.
28-Jul-2022 09:08:11.890 정보 [main] org.apache.catalina.startup.HostConfig.deployDirectory 웹 애플리케이션 디렉토리 [C:\practice\apache-tomcat-9.0.65\webapps\host-manager]에 대한 배치가 [32] 밀리초에 완료되었습니다.
28-Jul-2022 09:08:11.904 정보 [main] org.apache.catalina.startup.HostConfig.deployDirectory 웹 애플리케이션 디렉토리 [C:\practice\apache-tomcat-9.0.65\webapps\manager]을(를) 배치합니다.
28-Jul-2022 09:08:11.935 정보 [main] org.apache.catalina.startup.HostConfig.deployDirectory 웹 애플리케이션 디렉토리 [C:\practice\apache-tomcat-9.0.65\webapps\manager]에 대한 배치가 [31] 밀리초에 완료되었습니다.
28-Jul-2022 09:08:11.935 정보 [main] org.apache.catalina.startup.HostConfig.deployDirectory 웹 애플리케이션 디렉토리 [C:\practice\apache-tomcat-9.0.65\webapps\ROOT]을(를) 배치합니다.
28-Jul-2022 09:08:11.967 정보 [main] org.apache.catalina.startup.HostConfig.deployDirectory 웹 애플리케이션 디렉토리 [C:\practice\apache-tomcat-9.0.65\webapps\ROOT]에 대한 배치가 [32] 밀리초에 완료되었습니다.
28-Jul-2022 09:08:11.979 정보 [main] org.apache.coyote.AbstractProtocol.start 프로토콜 핸들러 ["http-nio-8080"]을(를) 시작합니다.
28-Jul-2022 09:08:11.996 정보 [main] org.apache.catalina.startup.Catalina.start 서버가 [910] 밀리초 내에 시작되었습니다.
